d:\onedrive\desktop\personal proj\consoleapplication1\consolea.97ac4293\x64\debug\vc143.pdb
d:\onedrive\desktop\personal proj\consoleapplication1\consolea.97ac4293\x64\debug\vc143.idb
d:\onedrive\desktop\personal proj\consoleapplication1\consolea.97ac4293\x64\debug\operations.obj
d:\onedrive\desktop\personal proj\consoleapplication1\consolea.97ac4293\x64\debug\consoleapplication1.obj
d:\onedrive\desktop\personal proj\consoleapplication1\consolea.97ac4293\x64\debug\calculator.obj
d:\onedrive\desktop\personal proj\consoleapplication1\consolea.97ac4293\x64\debug\calctests.obj
d:\onedrive\desktop\personal proj\consoleapplication1\x64\debug\consoleapplication1.pdb
d:\onedrive\desktop\personal proj\consoleapplication1\consolea.97ac4293\x64\debug\consolea.97ac4293.tlog\cl.command.1.tlog
d:\onedrive\desktop\personal proj\consoleapplication1\consolea.97ac4293\x64\debug\consolea.97ac4293.tlog\cl.read.1.tlog
d:\onedrive\desktop\personal proj\consoleapplication1\consolea.97ac4293\x64\debug\consolea.97ac4293.tlog\cl.write.1.tlog
d:\onedrive\desktop\personal proj\consoleapplication1\consolea.97ac4293\x64\debug\consolea.97ac4293.tlog\link-cvtres.read.1.tlog
d:\onedrive\desktop\personal proj\consoleapplication1\consolea.97ac4293\x64\debug\consolea.97ac4293.tlog\link-cvtres.write.1.tlog
d:\onedrive\desktop\personal proj\consoleapplication1\consolea.97ac4293\x64\debug\consolea.97ac4293.tlog\link-rc.read.1.tlog
d:\onedrive\desktop\personal proj\consoleapplication1\consolea.97ac4293\x64\debug\consolea.97ac4293.tlog\link-rc.write.1.tlog
d:\onedrive\desktop\personal proj\consoleapplication1\consolea.97ac4293\x64\debug\consolea.97ac4293.tlog\link.command.1.tlog
d:\onedrive\desktop\personal proj\consoleapplication1\consolea.97ac4293\x64\debug\consolea.97ac4293.tlog\link.read.1.tlog
d:\onedrive\desktop\personal proj\consoleapplication1\consolea.97ac4293\x64\debug\consolea.97ac4293.tlog\link.read.2.tlog
d:\onedrive\desktop\personal proj\consoleapplication1\consolea.97ac4293\x64\debug\consolea.97ac4293.tlog\link.read.3.tlog
d:\onedrive\desktop\personal proj\consoleapplication1\consolea.97ac4293\x64\debug\consolea.97ac4293.tlog\link.read.4.tlog
d:\onedrive\desktop\personal proj\consoleapplication1\consolea.97ac4293\x64\debug\consolea.97ac4293.tlog\link.write.1.tlog
